<?xml version="1.0" encoding="UTF-8"?>
<testsuite xmlns:xsi="http://www.w3.org/2001/XMLSchema-instance" xsi:noNamespaceSchemaLocation="https://maven.apache.org/surefire/maven-surefire-plugin/xsd/surefire-test-report.xsd" name="com.spotify.oauth2.tests.PlaylistTests" time="9.221" tests="5" errors="0" skipped="0" failures="0">
  <properties>
    <property name="java.specification.version" value="18"/>
    <property name="sun.jnu.encoding" value="UTF-8"/>
    <property name="java.class.path" value="/Users/jahanzabfarooq/eclipse-workspace/RestAssuredFramework/target/test-classes:/Users/jahanzabfarooq/eclipse-workspace/RestAssuredFramework/target/classes:/Users/jahanzabfarooq/.m2/repository/io/qameta/allure/allure-rest-assured/2.20.1/allure-rest-assured-2.20.1.jar:/Users/jahanzabfarooq/.m2/repository/io/qameta/allure/allure-attachments/2.20.1/allure-attachments-2.20.1.jar:/Users/jahanzabfarooq/.m2/repository/org/freemarker/freemarker/2.3.31/freemarker-2.3.31.jar:/Users/jahanzabfarooq/.m2/repository/com/github/javafaker/javafaker/1.0.2/javafaker-1.0.2.jar:/Users/jahanzabfarooq/.m2/repository/org/apache/commons/commons-lang3/3.5/commons-lang3-3.5.jar:/Users/jahanzabfarooq/.m2/repository/org/yaml/snakeyaml/1.23/snakeyaml-1.23-android.jar:/Users/jahanzabfarooq/.m2/repository/com/github/mifmif/generex/1.0.2/generex-1.0.2.jar:/Users/jahanzabfarooq/.m2/repository/dk/brics/automaton/automaton/1.11-8/automaton-1.11-8.jar:/Users/jahanzabfarooq/.m2/repository/io/qameta/allure/allure-testng/2.20.1/allure-testng-2.20.1.jar:/Users/jahanzabfarooq/.m2/repository/io/qameta/allure/allure-java-commons/2.20.1/allure-java-commons-2.20.1.jar:/Users/jahanzabfarooq/.m2/repository/io/qameta/allure/allure-model/2.20.1/allure-model-2.20.1.jar:/Users/jahanzabfarooq/.m2/repository/io/qameta/allure/allure-test-filter/2.20.1/allure-test-filter-2.20.1.jar:/Users/jahanzabfarooq/.m2/repository/org/projectlombok/lombok/1.18.24/lombok-1.18.24.jar:/Users/jahanzabfarooq/.m2/repository/org/testng/testng/7.7.0/testng-7.7.0.jar:/Users/jahanzabfarooq/.m2/repository/org/slf4j/slf4j-api/1.7.36/slf4j-api-1.7.36.jar:/Users/jahanzabfarooq/.m2/repository/com/beust/jcommander/1.82/jcommander-1.82.jar:/Users/jahanzabfarooq/.m2/repository/org/webjars/jquery/3.6.1/jquery-3.6.1.jar:/Users/jahanzabfarooq/.m2/repository/junit/junit/4.11/junit-4.11.jar:/Users/jahanzabfarooq/.m2/repository/org/hamcrest/hamcrest-core/1.3/hamcrest-core-1.3.jar:/Users/jahanzabfarooq/.m2/repository/io/rest-assured/rest-assured/5.3.0/rest-assured-5.3.0.jar:/Users/jahanzabfarooq/.m2/repository/org/apache/groovy/groovy/4.0.6/groovy-4.0.6.jar:/Users/jahanzabfarooq/.m2/repository/org/apache/groovy/groovy-xml/4.0.6/groovy-xml-4.0.6.jar:/Users/jahanzabfarooq/.m2/repository/org/apache/httpcomponents/httpclient/4.5.13/httpclient-4.5.13.jar:/Users/jahanzabfarooq/.m2/repository/org/apache/httpcomponents/httpcore/4.4.13/httpcore-4.4.13.jar:/Users/jahanzabfarooq/.m2/repository/commons-logging/commons-logging/1.2/commons-logging-1.2.jar:/Users/jahanzabfarooq/.m2/repository/commons-codec/commons-codec/1.11/commons-codec-1.11.jar:/Users/jahanzabfarooq/.m2/repository/org/apache/httpcomponents/httpmime/4.5.13/httpmime-4.5.13.jar:/Users/jahanzabfarooq/.m2/repository/org/hamcrest/hamcrest/2.1/hamcrest-2.1.jar:/Users/jahanzabfarooq/.m2/repository/org/ccil/cowan/tagsoup/tagsoup/1.2.1/tagsoup-1.2.1.jar:/Users/jahanzabfarooq/.m2/repository/io/rest-assured/json-path/5.3.0/json-path-5.3.0.jar:/Users/jahanzabfarooq/.m2/repository/org/apache/groovy/groovy-json/4.0.6/groovy-json-4.0.6.jar:/Users/jahanzabfarooq/.m2/repository/io/rest-assured/rest-assured-common/5.3.0/rest-assured-common-5.3.0.jar:/Users/jahanzabfarooq/.m2/repository/io/rest-assured/xml-path/5.3.0/xml-path-5.3.0.jar:/Users/jahanzabfarooq/.m2/repository/com/fasterxml/jackson/core/jackson-databind/2.14.1/jackson-databind-2.14.1.jar:/Users/jahanzabfarooq/.m2/repository/com/fasterxml/jackson/core/jackson-annotations/2.14.1/jackson-annotations-2.14.1.jar:/Users/jahanzabfarooq/.m2/repository/com/fasterxml/jackson/core/jackson-core/2.14.1/jackson-core-2.14.1.jar:/Users/jahanzabfarooq/.m2/repository/com/google/code/gson/gson/2.10/gson-2.10.jar:/Users/jahanzabfarooq/.m2/repository/org/hamcrest/hamcrest-all/1.3/hamcrest-all-1.3.jar:"/>
    <property name="java.vm.vendor" value="Oracle Corporation"/>
    <property name="sun.arch.data.model" value="64"/>
    <property name="java.vendor.url" value="https://java.oracle.com/"/>
    <property name="os.name" value="Mac OS X"/>
    <property name="java.vm.specification.version" value="18"/>
    <property name="sun.java.launcher" value="SUN_STANDARD"/>
    <property name="user.country" value="PK"/>
    <property name="sun.boot.library.path" value="/Library/Java/JavaVirtualMachines/jdk-18.0.2.1.jdk/Contents/Home/lib"/>
    <property name="sun.java.command" value="/Users/jahanzabfarooq/eclipse-workspace/RestAssuredFramework/target/surefire/surefirebooter13052005657496570008.jar /Users/jahanzabfarooq/eclipse-workspace/RestAssuredFramework/target/surefire 2022-12-25T11-54-21_026-jvmRun1 surefire2157269427607536911tmp surefire_01192809668041834815tmp"/>
    <property name="http.nonProxyHosts" value="local|*.local|169.254/16|*.169.254/16"/>
    <property name="jdk.debug" value="release"/>
    <property name="surefire.test.class.path" value="/Users/jahanzabfarooq/eclipse-workspace/RestAssuredFramework/target/test-classes:/Users/jahanzabfarooq/eclipse-workspace/RestAssuredFramework/target/classes:/Users/jahanzabfarooq/.m2/repository/io/qameta/allure/allure-rest-assured/2.20.1/allure-rest-assured-2.20.1.jar:/Users/jahanzabfarooq/.m2/repository/io/qameta/allure/allure-attachments/2.20.1/allure-attachments-2.20.1.jar:/Users/jahanzabfarooq/.m2/repository/org/freemarker/freemarker/2.3.31/freemarker-2.3.31.jar:/Users/jahanzabfarooq/.m2/repository/com/github/javafaker/javafaker/1.0.2/javafaker-1.0.2.jar:/Users/jahanzabfarooq/.m2/repository/org/apache/commons/commons-lang3/3.5/commons-lang3-3.5.jar:/Users/jahanzabfarooq/.m2/repository/org/yaml/snakeyaml/1.23/snakeyaml-1.23-android.jar:/Users/jahanzabfarooq/.m2/repository/com/github/mifmif/generex/1.0.2/generex-1.0.2.jar:/Users/jahanzabfarooq/.m2/repository/dk/brics/automaton/automaton/1.11-8/automaton-1.11-8.jar:/Users/jahanzabfarooq/.m2/repository/io/qameta/allure/allure-testng/2.20.1/allure-testng-2.20.1.jar:/Users/jahanzabfarooq/.m2/repository/io/qameta/allure/allure-java-commons/2.20.1/allure-java-commons-2.20.1.jar:/Users/jahanzabfarooq/.m2/repository/io/qameta/allure/allure-model/2.20.1/allure-model-2.20.1.jar:/Users/jahanzabfarooq/.m2/repository/io/qameta/allure/allure-test-filter/2.20.1/allure-test-filter-2.20.1.jar:/Users/jahanzabfarooq/.m2/repository/org/projectlombok/lombok/1.18.24/lombok-1.18.24.jar:/Users/jahanzabfarooq/.m2/repository/org/testng/testng/7.7.0/testng-7.7.0.jar:/Users/jahanzabfarooq/.m2/repository/org/slf4j/slf4j-api/1.7.36/slf4j-api-1.7.36.jar:/Users/jahanzabfarooq/.m2/repository/com/beust/jcommander/1.82/jcommander-1.82.jar:/Users/jahanzabfarooq/.m2/repository/org/webjars/jquery/3.6.1/jquery-3.6.1.jar:/Users/jahanzabfarooq/.m2/repository/junit/junit/4.11/junit-4.11.jar:/Users/jahanzabfarooq/.m2/repository/org/hamcrest/hamcrest-core/1.3/hamcrest-core-1.3.jar:/Users/jahanzabfarooq/.m2/repository/io/rest-assured/rest-assured/5.3.0/rest-assured-5.3.0.jar:/Users/jahanzabfarooq/.m2/repository/org/apache/groovy/groovy/4.0.6/groovy-4.0.6.jar:/Users/jahanzabfarooq/.m2/repository/org/apache/groovy/groovy-xml/4.0.6/groovy-xml-4.0.6.jar:/Users/jahanzabfarooq/.m2/repository/org/apache/httpcomponents/httpclient/4.5.13/httpclient-4.5.13.jar:/Users/jahanzabfarooq/.m2/repository/org/apache/httpcomponents/httpcore/4.4.13/httpcore-4.4.13.jar:/Users/jahanzabfarooq/.m2/repository/commons-logging/commons-logging/1.2/commons-logging-1.2.jar:/Users/jahanzabfarooq/.m2/repository/commons-codec/commons-codec/1.11/commons-codec-1.11.jar:/Users/jahanzabfarooq/.m2/repository/org/apache/httpcomponents/httpmime/4.5.13/httpmime-4.5.13.jar:/Users/jahanzabfarooq/.m2/repository/org/hamcrest/hamcrest/2.1/hamcrest-2.1.jar:/Users/jahanzabfarooq/.m2/repository/org/ccil/cowan/tagsoup/tagsoup/1.2.1/tagsoup-1.2.1.jar:/Users/jahanzabfarooq/.m2/repository/io/rest-assured/json-path/5.3.0/json-path-5.3.0.jar:/Users/jahanzabfarooq/.m2/repository/org/apache/groovy/groovy-json/4.0.6/groovy-json-4.0.6.jar:/Users/jahanzabfarooq/.m2/repository/io/rest-assured/rest-assured-common/5.3.0/rest-assured-common-5.3.0.jar:/Users/jahanzabfarooq/.m2/repository/io/rest-assured/xml-path/5.3.0/xml-path-5.3.0.jar:/Users/jahanzabfarooq/.m2/repository/com/fasterxml/jackson/core/jackson-databind/2.14.1/jackson-databind-2.14.1.jar:/Users/jahanzabfarooq/.m2/repository/com/fasterxml/jackson/core/jackson-annotations/2.14.1/jackson-annotations-2.14.1.jar:/Users/jahanzabfarooq/.m2/repository/com/fasterxml/jackson/core/jackson-core/2.14.1/jackson-core-2.14.1.jar:/Users/jahanzabfarooq/.m2/repository/com/google/code/gson/gson/2.10/gson-2.10.jar:/Users/jahanzabfarooq/.m2/repository/org/hamcrest/hamcrest-all/1.3/hamcrest-all-1.3.jar:"/>
    <property name="sun.cpu.endian" value="little"/>
    <property name="user.home" value="/Users/jahanzabfarooq"/>
    <property name="user.language" value="en"/>
    <property name="java.specification.vendor" value="Oracle Corporation"/>
    <property name="java.version.date" value="2022-08-18"/>
    <property name="java.home" value="/Library/Java/JavaVirtualMachines/jdk-18.0.2.1.jdk/Contents/Home"/>
    <property name="file.separator" value="/"/>
    <property name="basedir" value="/Users/jahanzabfarooq/eclipse-workspace/RestAssuredFramework"/>
    <property name="java.vm.compressedOopsMode" value="Zero based"/>
    <property name="line.separator" value="&#10;"/>
    <property name="java.specification.name" value="Java Platform API Specification"/>
    <property name="java.vm.specification.vendor" value="Oracle Corporation"/>
    <property name="apple.awt.application.name" value="ForkedBooter"/>
    <property name="surefire.real.class.path" value="/Users/jahanzabfarooq/eclipse-workspace/RestAssuredFramework/target/surefire/surefirebooter13052005657496570008.jar"/>
    <property name="sun.management.compiler" value="HotSpot 64-Bit Tiered Compilers"/>
    <property name="ftp.nonProxyHosts" value="local|*.local|169.254/16|*.169.254/16"/>
    <property name="java.runtime.version" value="18.0.2.1+1-1"/>
    <property name="user.name" value="jahanzabfarooq"/>
    <property name="path.separator" value=":"/>
    <property name="os.version" value="13.1"/>
    <property name="java.runtime.name" value="Java(TM) SE Runtime Environment"/>
    <property name="file.encoding" value="UTF-8"/>
    <property name="java.vm.name" value="Java HotSpot(TM) 64-Bit Server VM"/>
    <property name="localRepository" value="/Users/jahanzabfarooq/.m2/repository"/>
    <property name="java.vendor.url.bug" value="https://bugreport.java.com/bugreport/"/>
    <property name="java.io.tmpdir" value="/var/folders/xr/dntbk4lj1m94n7b9dsmp2fwh0000gn/T/"/>
    <property name="java.version" value="18.0.2.1"/>
    <property name="user.dir" value="/Users/jahanzabfarooq/eclipse-workspace/RestAssuredFramework"/>
    <property name="os.arch" value="x86_64"/>
    <property name="java.vm.specification.name" value="Java Virtual Machine Specification"/>
    <property name="native.encoding" value="UTF-8"/>
    <property name="java.library.path" value="/Users/jahanzabfarooq/Library/Java/Extensions:/Library/Java/Extensions:/Network/Library/Java/Extensions:/System/Library/Java/Extensions:/usr/lib/java:."/>
    <property name="java.vm.info" value="mixed mode, sharing"/>
    <property name="java.vendor" value="Oracle Corporation"/>
    <property name="java.vm.version" value="18.0.2.1+1-1"/>
    <property name="sun.io.unicode.encoding" value="UnicodeBig"/>
    <property name="socksNonProxyHosts" value="local|*.local|169.254/16|*.169.254/16"/>
    <property name="java.class.version" value="62.0"/>
  </properties>
  <testcase name="createPlaylist" classname="com.spotify.oauth2.tests.PlaylistTests" time="5.655"/>
  <testcase name="createPlaylistWithEpiredToken" classname="com.spotify.oauth2.tests.PlaylistTests" time="1.061"/>
  <testcase name="createPlaylistWithoutName" classname="com.spotify.oauth2.tests.PlaylistTests" time="0.727"/>
  <testcase name="getPlaylist" classname="com.spotify.oauth2.tests.PlaylistTests" time="0.462"/>
  <testcase name="updatePlaylistDetails" classname="com.spotify.oauth2.tests.PlaylistTests" time="0.504"/>
</testsuite>