<?xml version="1.0" encoding="UTF-8"?>
<!-- Generated by org.testng.reporters.JUnitReportReporter -->
<testsuite hostname="Jahanzabs-MacBook-Pro.local" failures="0" tests="1" name="com.spotify.oauth2.tests.PlaylistTests" time="1.788" errors="0" timestamp="2022-12-22T17:46:16 PKT" skipped="0">
  <testcase classname="com.spotify.oauth2.tests.PlaylistTests" name="createPlaylist" time="1.788"/>
  <system-out/>
</testsuite> <!-- com.spotify.oauth2.tests.PlaylistTests -->
