<?xml version="1.0" encoding="UTF-8"?>
<!-- Generated by org.testng.reporters.JUnitReportReporter -->
<testsuite hostname="Jahanzabs-MacBook-Pro.local" failures="0" tests="5" name="spotify.oauth2.tests.PlaylistTests" time="2.720" errors="0" timestamp="2022-12-20T18:44:07 PKT" skipped="0">
  <testcase classname="spotify.oauth2.tests.PlaylistTests" name="getPlaylist" time="0.372"/>
  <system-out/>
  <testcase classname="spotify.oauth2.tests.PlaylistTests" name="updatePlaylistDetails" time="0.443"/>
  <system-out/>
  <testcase classname="spotify.oauth2.tests.PlaylistTests" name="createPlaylist" time="1.195"/>
  <system-out/>
  <testcase classname="spotify.oauth2.tests.PlaylistTests" name="createPlaylistWithoutName" time="0.333"/>
  <system-out/>
  <testcase classname="spotify.oauth2.tests.PlaylistTests" name="createPlaylistWithEpiredToken" time="0.377"/>
  <system-out/>
</testsuite> <!-- spotify.oauth2.tests.PlaylistTests -->
