<?xml version="1.0" encoding="UTF-8"?>
<!-- Generated by org.testng.reporters.JUnitReportReporter -->
<testsuite hostname="Jahanzabs-MacBook-Pro.local" failures="0" tests="5" name="com.spotify.oauth2.tests.PlaylistTests" time="8.349" errors="0" timestamp="2022-12-25T11:54:30 PKT" skipped="0">
  <testcase classname="com.spotify.oauth2.tests.PlaylistTests" name="createPlaylist" time="5.602"/>
  <system-out/>
  <testcase classname="com.spotify.oauth2.tests.PlaylistTests" name="createPlaylistWithEpiredToken" time="1.061"/>
  <system-out/>
  <testcase classname="com.spotify.oauth2.tests.PlaylistTests" name="getPlaylist" time="0.460"/>
  <system-out/>
  <testcase classname="com.spotify.oauth2.tests.PlaylistTests" name="updatePlaylistDetails" time="0.501"/>
  <system-out/>
  <testcase classname="com.spotify.oauth2.tests.PlaylistTests" name="createPlaylistWithoutName" time="0.725"/>
  <system-out/>
</testsuite> <!-- com.spotify.oauth2.tests.PlaylistTests -->
